<?xml version="1.0" encoding="UTF-8"?>
<coverage generated="1694103180005" clover="3.2.0">
  <project timestamp="1694103180005" name="All files">
    <metrics statements="14" coveredstatements="10" conditionals="4" coveredconditionals="0" methods="5" coveredmethods="4" elements="23" coveredelements="14" complexity="0" loc="14" ncloc="14" packages="1" files="1" classes="1"/>
    <file name="LinkedList.js" path="/home/jeffreyd/repos/linked-list/LinkedList.js">
      <metrics statements="14" coveredstatements="10" conditionals="4" coveredconditionals="0" methods="5" coveredmethods="4"/>
      <line num="3" count="1" type="stmt"/>
      <line num="4" count="1" type="stmt"/>
      <line num="8" count="2" type="stmt"/>
      <line num="9" count="2" type="stmt"/>
      <line num="10" count="2" type="stmt"/>
      <line num="15" count="0" type="cond" truecount="0" falsecount="4"/>
      <line num="22" count="2" type="stmt"/>
      <line num="23" count="2" type="stmt"/>
      <line num="27" count="1" type="stmt"/>
      <line num="28" count="4" type="stmt"/>
      <line num="29" count="0" type="stmt"/>
      <line num="30" count="0" type="stmt"/>
      <line num="33" count="0" type="stmt"/>
      <line num="36" count="1" type="stmt"/>
    </file>
  </project>
</coverage>
